#
# A fatal error has been detected by the Java Runtime Environment:
#
#  Internal Error (javaClasses.cpp:129), pid=3120, tid=3532
#  fatal error: Invalid layout of preloaded class
#
# JRE version: 7.0_07-b10
# Java VM: Java HotSpot(TM) 64-Bit Server VM (23.3-b01 mixed mode windows-amd64 compressed oops)
# Failed to write core dump. Minidumps are not enabled by default on client versions of Windows
#
# If you would like to submit a bug report, please visit:
#   http://bugreport.sun.com/bugreport/crash.jsp
#

---------------  T H R E A D  ---------------

Current thread (0x0000000002ddd800):  JavaThread "Unknown thread" [_thread_in_vm, id=3532, stack(0x0000000001140000,0x0000000001240000)]

Stack: [0x0000000001140000,0x0000000001240000]

---------------  P R O C E S S  ---------------

Java Threads: ( => current thread )

Other Threads:

=>0x0000000002ddd800 (exited) JavaThread "Unknown thread" [_thread_in_vm, id=3532, stack(0x0000000001140000,0x0000000001240000)]

VM state:not at safepoint (not fully initialized)

VM Mutex/Monitor currently owned by a thread: None

GC Heap History (0 events):
No events

Deoptimization events (0 events):
No events

Internal exceptions (0 events):
No events

Events (10 events):
Event: 0.018 loading class 0x0000000002cb3c40 done
Event: 0.018 loading class 0x0000000002c7a380 done
Event: 0.018 loading class 0x0000000002c7a350
Event: 0.018 loading class 0x0000000002cbb6d0
Event: 0.018 loading class 0x0000000002cbb6d0 done
Event: 0.018 loading class 0x0000000002cbb750
Event: 0.018 loading class 0x0000000002cbb750 done
Event: 0.018 loading class 0x0000000002cd9290
Event: 0.018 loading class 0x0000000002cd9290 done
Event: 0.018 loading class 0x0000000002c7a350 done


Dynamic libraries:
0x000007f7fa050000 - 0x000007f7fa084000 	C:\Java\jre7\bin\javaw.exe
0x000007f861f50000 - 0x000007f86210e000 	C:\Windows\SYSTEM32\ntdll.dll
0x000007f85f590000 - 0x000007f85f6c6000 	C:\Windows\system32\KERNEL32.DLL
0x000007f85f050000 - 0x000007f85f143000 	C:\Windows\system32\KERNELBASE.dll
0x000007f859c50000 - 0x000007f859cef000 	C:\Windows\system32\apphelp.dll
0x000007f860af0000 - 0x000007f860bce000 	C:\Windows\system32\ADVAPI32.dll
0x000007f861890000 - 0x000007f8619dc000 	C:\Windows\system32\USER32.dll
0x000007f85c540000 - 0x000007f85c7a9000 	C:\Windows\WinSxS\amd64_microsoft.windows.common-controls_6595b64144ccf1df_6.0.9200.16384_none_418c2a697189c07f\COMCTL32.dll
0x000007f861e90000 - 0x000007f861f35000 	C:\Windows\system32\msvcrt.dll
0x000007f861100000 - 0x000007f861148000 	C:\Windows\SYSTEM32\sechost.dll
0x000007f8619f0000 - 0x000007f861b30000 	C:\Windows\system32\RPCRT4.dll
0x000007f860d70000 - 0x000007f860eb0000 	C:\Windows\system32\GDI32.dll
0x000007f861010000 - 0x000007f861049000 	C:\Windows\system32\IMM32.DLL
0x000007f8613a0000 - 0x000007f8614b5000 	C:\Windows\system32\MSCTF.dll
0x0000000071290000 - 0x0000000071361000 	C:\Java\jre7\bin\msvcr100.dll
0x0000000070b70000 - 0x000000007128f000 	C:\Java\jre7\bin\server\jvm.dll
0x000007f85d220000 - 0x000007f85d229000 	C:\Windows\SYSTEM32\WSOCK32.dll
0x000007f859840000 - 0x000007f859860000 	C:\Windows\SYSTEM32\WINMM.dll
0x000007f8619e0000 - 0x000007f8619e7000 	C:\Windows\system32\PSAPI.DLL
0x000007f861d70000 - 0x000007f861dc8000 	C:\Windows\system32\WS2_32.dll
0x000007f859800000 - 0x000007f859832000 	C:\Windows\SYSTEM32\WINMMBASE.dll
0x000007f861f40000 - 0x000007f861f49000 	C:\Windows\system32\NSI.dll
0x0000000070b60000 - 0x0000000070b6f000 	C:\Java\jre7\bin\verify.dll
0x0000000070b30000 - 0x0000000070b58000 	C:\Java\jre7\bin\java.dll
0x0000000070b10000 - 0x0000000070b25000 	C:\Java\jre7\bin\zip.dll

VM Arguments:
jvm_args: -Dfile.encoding=GBK -Xbootclasspath:F:\adt-bundle-windows\adt-bundle-windows\sdk\platforms\android-3\android.jar 
java_command: com.ibm.mqtt.MqttVersion
Launcher Type: SUN_STANDARD

Environment Variables:
JAVA_HOME=C:\jdk1.6
CLASSPATH=JAVA_HOME\jre\lib\rt.jar;JAVA_HOME\lib\tools.jar;
PATH=C:\Windows\system32;C:\Windows;C:\Windows\System32\Wbem;C:\Windows\System32\WindowsPowerShell\v1.0\;C:\Program Files (x86)\Microsoft SQL Server\100\Tools\Binn\;C:\Program Files\Microsoft SQL Server\100\Tools\Binn\;C:\Program Files\Microsoft SQL Server\100\DTS\Binn\;F:\MySQL Server 5.5\bin;JAVA_HOME\bin;C:\Program Files\TortoiseSVN\bin
USERNAME=ty.F
OS=Windows_NT
PROCESSOR_IDENTIFIER=AMD64 Family 16 Model 6 Stepping 3, AuthenticAMD



---------------  S Y S T E M  ---------------

OS: Windows 8 , 64 bit Build 9200 

CPU:total 2 (2 cores per cpu, 1 threads per core) family 16 model 6 stepping 3, cmov, cx8, fxsr, mmx, sse, sse2, sse3, popcnt, mmxext, 3dnowpref, lzcnt, sse4a, tsc, tscinvbit, tscinv

Memory: 4k page, physical 3931312k(1619436k free), swap 7863472k(4628664k free)

vm_info: Java HotSpot(TM) 64-Bit Server VM (23.3-b01) for windows-amd64 JRE (1.7.0_07-b10), built on Aug 28 2012 18:28:27 by "java_re" with unknown MS VC++:1600

time: Wed Feb 20 14:51:40 2013
elapsed time: 0 seconds

